2022-03-17 20:02:13.350 [main] INFO  com.example.subdemo.SubDemoApplication - Starting SubDemoApplication on 吕升 with PID 11836 (E:\personal\project\demo\sub-demo\target\classes started by sheng.lv in E:\personal\project\demo)
2022-03-17 20:02:13.363 [main] INFO  com.example.subdemo.SubDemoApplication - No active profile set, falling back to default profiles: default
2022-03-17 20:02:15.274 [main] INFO  org.apache.coyote.http11.Http11NioProtocol - Initializing ProtocolHandler ["http-nio-8081"]
2022-03-17 20:02:15.275 [main] INFO  org.apache.catalina.core.StandardService - Starting service [Tomcat]
2022-03-17 20:02:15.275 [main] INFO  org.apache.catalina.core.StandardEngine - Starting Servlet engine: [Apache Tomcat/9.0.29]
2022-03-17 20:02:15.369 [main] INFO  org.apache.catalina.core.ContainerBase.[Tomcat].[localhost].[/] - Initializing Spring embedded WebApplicationContext
2022-03-17 20:02:16.624 [main] INFO  springfox.documentation.spring.web.WebMvcPropertySourcedRequestMappingHandlerMapping - Mapped URL path [/v2/api-docs] onto method [springfox.documentation.swagger2.web.Swagger2ControllerWebMvc#getDocumentation(String, HttpServletRequest)]
2022-03-17 20:02:16.922 [main] INFO  org.flywaydb.core.internal.license.VersionPrinter - Flyway Community Edition 6.0.8 by Redgate
2022-03-17 20:02:16.944 [main] INFO  com.zaxxer.hikari.HikariDataSource - HikariPool-1 - Starting...
2022-03-17 20:02:17.482 [main] INFO  com.zaxxer.hikari.HikariDataSource - HikariPool-1 - Start completed.
2022-03-17 20:02:17.510 [main] INFO  org.flywaydb.core.internal.database.DatabaseFactory - Database: jdbc:mysql://localhost:3306/demo (MySQL 8.0)
2022-03-17 20:02:17.704 [main] INFO  org.flywaydb.core.internal.command.DbValidate - Successfully validated 3 migrations (execution time 00:00.065s)
2022-03-17 20:02:17.711 [main] INFO  org.flywaydb.core.internal.command.DbMigrate - Current version of schema `demo`: 2.0.4
2022-03-17 20:02:17.712 [main] INFO  org.flywaydb.core.internal.command.DbMigrate - Schema `demo` is up to date. No migration necessary.
2022-03-17 20:02:17.924 [main] INFO  springfox.documentation.spring.web.plugins.DocumentationPluginsBootstrapper - Documentation plugins bootstrapped
2022-03-17 20:02:17.926 [main] INFO  springfox.documentation.spring.web.plugins.DocumentationPluginsBootstrapper - Found 1 custom documentation plugin(s)
2022-03-17 20:02:17.965 [main] INFO  springfox.documentation.spring.web.scanners.ApiListingReferenceScanner - Scanning for api listing references
2022-03-17 20:02:18.136 [main] INFO  org.apache.coyote.http11.Http11NioProtocol - Starting ProtocolHandler ["http-nio-8081"]
2022-03-17 20:02:18.154 [main] INFO  com.example.subdemo.SubDemoApplication - Started SubDemoApplication in 5.128 seconds (JVM running for 6.156)
2022-03-17 20:02:20.880 [SpringContextShutdownHook] INFO  com.zaxxer.hikari.HikariDataSource - HikariPool-1 - Shutdown initiated...
2022-03-17 20:02:20.902 [SpringContextShutdownHook] INFO  com.zaxxer.hikari.HikariDataSource - HikariPool-1 - Shutdown completed.
